# JRE version: Java(TM) SE Runtime Environment (10.0.2+13) (build 10.0.2+13)
# Java VM: Java HotSpot(TM) 64-Bit Server VM (10.0.2+13, mixed mode, tiered, compressed oops, g1 gc, bsd-amd64)
Heap:
 garbage-first heap   total 157696K, used 96689K [0x0000000740000000, 0x00000007c0000000)
  region size 1024K, 74 young (75776K), 6 survivors (6144K)
 Metaspace       used 64260K, capacity 65860K, committed 66440K, reserved 1107968K
  class space    used 8031K, capacity 8621K, committed 8624K, reserved 1048576K
GC Heap History (10 events):
Event: 10.832 GC heap before
{Heap before GC invocations=7 (full 0):
 garbage-first heap   total 157696K, used 70955K [0x0000000740000000, 0x00000007c0000000)
  region size 1024K, 63 young (64512K), 5 survivors (5120K)
 Metaspace       used 27856K, capacity 28668K, committed 28976K, reserved 1075200K
  class space    used 3237K, capacity 3556K, committed 3632K, reserved 1048576K
}
Event: 10.843 GC heap after
{Heap after GC invocations=8 (full 0):
 garbage-first heap   total 157696K, used 13067K [0x0000000740000000, 0x00000007c0000000)
  region size 1024K, 6 young (6144K), 6 survivors (6144K)
 Metaspace       used 27856K, capacity 28668K, committed 28976K, reserved 1075200K
  class space    used 3237K, capacity 3556K, committed 3632K, reserved 1048576K
}
Event: 13.662 GC heap before
{Heap before GC invocations=8 (full 0):
 garbage-first heap   total 157696K, used 79627K [0x0000000740000000, 0x00000007c0000000)
  region size 1024K, 72 young (73728K), 6 survivors (6144K)
 Metaspace       used 34685K, capacity 35696K, committed 35920K, reserved 1081344K
  class space    used 4137K, capacity 4562K, committed 4656K, reserved 1048576K
}
Event: 13.691 GC heap after
{Heap after GC invocations=9 (full 0):
 garbage-first heap   total 157696K, used 17158K [0x0000000740000000, 0x00000007c0000000)
  region size 1024K, 9 young (9216K), 9 survivors (9216K)
 Metaspace       used 34685K, capacity 35696K, committed 35920K, reserved 1081344K
  class space    used 4137K, capacity 4562K, committed 4656K, reserved 1048576K
}
Event: 15.715 GC heap before
{Heap before GC invocations=10 (full 0):
 garbage-first heap   total 157696K, used 94982K [0x0000000740000000, 0x00000007c0000000)
  region size 1024K, 85 young (87040K), 9 survivors (9216K)
 Metaspace       used 41979K, capacity 43151K, committed 43568K, reserved 1087488K
  class space    used 4892K, capacity 5346K, committed 5424K, reserved 1048576K
}
Event: 15.765 GC heap after
{Heap after GC invocations=11 (full 0):
 garbage-first heap   total 157696K, used 22098K [0x0000000740000000, 0x00000007c0000000)
  region size 1024K, 10 young (10240K), 10 survivors (10240K)
 Metaspace       used 41979K, capacity 43151K, committed 43568K, reserved 1087488K
  class space    used 4892K, capacity 5346K, committed 5424K, reserved 1048576K
}
Event: 21.014 GC heap before
{Heap before GC invocations=11 (full 0):
 garbage-first heap   total 157696K, used 105042K [0x0000000740000000, 0x00000007c0000000)
  region size 1024K, 91 young (93184K), 10 survivors (10240K)
 Metaspace       used 56664K, capacity 58057K, committed 58544K, reserved 1099776K
  class space    used 7019K, capacity 7547K, committed 7600K, reserved 1048576K
}
Event: 21.038 GC heap after
{Heap after GC invocations=12 (full 0):
 garbage-first heap   total 157696K, used 26092K [0x0000000740000000, 0x00000007c0000000)
  region size 1024K, 9 young (9216K), 9 survivors (9216K)
 Metaspace       used 56664K, capacity 58057K, committed 58544K, reserved 1099776K
  class space    used 7019K, capacity 7547K, committed 7600K, reserved 1048576K
}
Event: 22.474 GC heap before
{Heap before GC invocations=12 (full 0):
 garbage-first heap   total 157696K, used 49644K [0x0000000740000000, 0x00000007c0000000)
  region size 1024K, 33 young (33792K), 9 survivors (9216K)
 Metaspace       used 58572K, capacity 59989K, committed 60296K, reserved 1101824K
  class space    used 7268K, capacity 7801K, committed 7856K, reserved 1048576K
}
Event: 22.499 GC heap after
{Heap after GC invocations=13 (full 0):
 garbage-first heap   total 157696K, used 28081K [0x0000000740000000, 0x00000007c0000000)
  region size 1024K, 6 young (6144K), 6 survivors (6144K)
 Metaspace       used 58572K, capacity 59989K, committed 60296K, reserved 1101824K
  class space    used 7268K, capacity 7801K, committed 7856K, reserved 1048576K
}

